app/build/outputs/logs/manifest-merger-debug-report.txt
-- Merging decision tree log ---
manifest
ADDED from src\main\AndroidManifest.xml:2:1-203:12
	package
		ADDED from src\main\AndroidManifest.xml:3:5-28
		INJECTED from src\main\AndroidManifest.xml
		INJECTED from src\main\AndroidManifest.xml
	android:versionName
		INJECTED from src\main\AndroidManifest.xml
		INJECTED from src\main\AndroidManifest.xml
	xmlns:android
		ADDED from src\main\AndroidManifest.xml:2:11-69
	android:versionCode
		INJECTED from src\main\AndroidManifest.xml
		INJECTED from src\main\AndroidManifest.xml
uses-permission#android.permission.SEND_SMS
ADDED from src\main\AndroidManifest.xml:5:5-67
	android:name
		ADDED from src\main\AndroidManifest.xml:5:22-64
uses-permission#android.permission.INTERNET
ADDED from src\main\AndroidManifest.xml:6:5-67
	android:name
		ADDED from src\main\AndroidManifest.xml:6:22-64
uses-permission#android.permission.ACCESS_NETWORK_STATE
ADDED from src\main\AndroidManifest.xml:7:5-79
	android:name
		ADDED from src\main\AndroidManifest.xml:7:22-76
uses-permission#android.permission.ACCESS_WIFI_STATE
ADDED from src\main\AndroidManifest.xml:8:5-76
	android:name
		ADDED from src\main\AndroidManifest.xml:8:22-73
uses-permission#android.permission.ACCESS_FINE_LOCATION
ADDED from src\main\AndroidManifest.xml:9:5-79
	android:name
		ADDED from src\main\AndroidManifest.xml:9:22-76
uses-permission#android.permission.ACCESS_COARSE_LOCATION
ADDED from src\main\AndroidManifest.xml:10:5-81
	android:name
		ADDED from src\main\AndroidManifest.xml:10:22-78
application
ADDED from src\main\AndroidManifest.xml:12:5-201:19
MERGED from [com.android.support.constraint:constraint-layout:1.0.2] AndroidManifest.xml:9:5-20
MERGED from [com.android.support:appcompat-v7:23.4.0] AndroidManifest.xml:25:5-20
MERGED from [com.android.support:animated-vector-drawable:23.4.0] AndroidManifest.xml:7:5-20
MERGED from [com.android.support:support-vector-drawable:23.4.0] AndroidManifest.xml:7:5-20
MERGED from [com.android.support:support-v4:23.4.0] AndroidManifest.xml:22:5-20
MERGED from [com.android.volley:volley:1.0.0] AndroidManifest.xml:9:5-20
	android:label
		ADDED from src\main\AndroidManifest.xml:16:9-41
	android:supportsRtl
		ADDED from src\main\AndroidManifest.xml:18:9-35
	android:allowBackup
		ADDED from src\main\AndroidManifest.xml:14:9-36
	android:icon
		ADDED from src\main\AndroidManifest.xml:15:9-39
	android:largeHeap
		ADDED from src\main\AndroidManifest.xml:17:9-33
	android:theme
		ADDED from src\main\AndroidManifest.xml:19:9-40
	android:name
		ADDED from src\main\AndroidManifest.xml:13:9-52
activity#com.app.apsfl.activities.SplashScreenActivity
ADDED from src\main\AndroidManifest.xml:20:9-28:20
	android:screenOrientation
		ADDED from src\main\AndroidManifest.xml:22:13-49
	android:name
		ADDED from src\main\AndroidManifest.xml:21:13-60
intent-filter#android.intent.action.MAIN+android.intent.category.DEFAULT
ADDED from src\main\AndroidManifest.xml:23:13-27:29
action#android.intent.action.MAIN
ADDED from src\main\AndroidManifest.xml:24:17-69
	android:name
		ADDED from src\main\AndroidManifest.xml:24:25-66
category#android.intent.category.DEFAULT
ADDED from src\main\AndroidManifest.xml:26:17-76
	android:name
		ADDED from src\main\AndroidManifest.xml:26:27-73
activity#com.app.apsfl.activities.ViewRevenueSharing
ADDED from src\main\AndroidManifest.xml:29:9-37:20
	android:screenOrientation
		ADDED from src\main\AndroidManifest.xml:31:13-49
	android:name
		ADDED from src\main\AndroidManifest.xml:30:13-58
activity#com.app.apsfl.activities.LoginActivity
ADDED from src\main\AndroidManifest.xml:38:9-48:20
	android:screenOrientation
		ADDED from src\main\AndroidManifest.xml:40:13-49
	android:windowSoftInputMode
		ADDED from src\main\AndroidManifest.xml:41:13-67
	android:name
		ADDED from src\main\AndroidManifest.xml:39:13-53
intent-filter#android.intent.action.MAIN+android.intent.category.LAUNCHER
ADDED from src\main\AndroidManifest.xml:42:13-46:29
category#android.intent.category.LAUNCHER
ADDED from src\main\AndroidManifest.xml:45:17-77
	android:name
		ADDED from src\main\AndroidManifest.xml:45:27-74
activity#com.app.apsfl.activities.MainActivity
ADDED from src\main\AndroidManifest.xml:49:9-58:20
	android:screenOrientation
		ADDED from src\main\AndroidManifest.xml:52:13-49
	android:label
		ADDED from src\main\AndroidManifest.xml:51:13-56
	android:name
		ADDED from src\main\AndroidManifest.xml:50:13-52
activity#com.app.apsfl.activities.SelectedPackagesActivity
ADDED from src\main\AndroidManifest.xml:59:9-63:57
	android:screenOrientation
		ADDED from src\main\AndroidManifest.xml:62:13-49
	android:label
		ADDED from src\main\AndroidManifest.xml:61:13-77
	android:windowSoftInputMode
		ADDED from src\main\AndroidManifest.xml:63:13-54
	android:name
		ADDED from src\main\AndroidManifest.xml:60:13-64
activity#com.app.apsfl.activities.MonthlyBulkPaymentAxtivity
ADDED from src\main\AndroidManifest.xml:64:9-73:20
	android:screenOrientation
		ADDED from src\main\AndroidManifest.xml:67:13-49
	android:label
		ADDED from src\main\AndroidManifest.xml:66:13-50
	android:name
		ADDED from src\main\AndroidManifest.xml:65:13-66
activity#com.app.apsfl.activities.SearchCAFActivity
ADDED from src\main\AndroidManifest.xml:74:9-78:70
	android:screenOrientation
		ADDED from src\main\AndroidManifest.xml:77:13-49
	android:label
		ADDED from src\main\AndroidManifest.xml:76:13-62
	android:windowSoftInputMode
		ADDED from src\main\AndroidManifest.xml:78:13-67
	android:name
		ADDED from src\main\AndroidManifest.xml:75:13-57
activity#com.app.apsfl.activities.CAFResultsActivity
ADDED from src\main\AndroidManifest.xml:79:9-83:70
	android:screenOrientation
		ADDED from src\main\AndroidManifest.xml:82:13-49
	android:label
		ADDED from src\main\AndroidManifest.xml:81:13-63
	android:windowSoftInputMode
		ADDED from src\main\AndroidManifest.xml:83:13-67
	android:name
		ADDED from src\main\AndroidManifest.xml:80:13-58
activity#com.app.apsfl.activities.NewCAFActivity
ADDED from src\main\AndroidManifest.xml:84:9-87:67
	android:screenOrientation
		ADDED from src\main\AndroidManifest.xml:86:13-49
	android:windowSoftInputMode
		ADDED from src\main\AndroidManifest.xml:87:13-64
	android:name
		ADDED from src\main\AndroidManifest.xml:85:13-54
activity#com.app.apsfl.activities.WorkOrderActivity
ADDED from src\main\AndroidManifest.xml:88:9-98:20
	android:screenOrientation
		ADDED from src\main\AndroidManifest.xml:91:13-49
	android:label
		ADDED from src\main\AndroidManifest.xml:90:13-69
	android:windowSoftInputMode
		ADDED from src\main\AndroidManifest.xml:92:13-67
	android:name
		ADDED from src\main\AndroidManifest.xml:89:13-57
activity#com.app.apsfl.activities.SearchPaymentsActivity
ADDED from src\main\AndroidManifest.xml:99:9-103:57
	android:screenOrientation
		ADDED from src\main\AndroidManifest.xml:102:13-49
	android:label
		ADDED from src\main\AndroidManifest.xml:101:13-60
	android:windowSoftInputMode
		ADDED from src\main\AndroidManifest.xml:103:13-54
	android:name
		ADDED from src\main\AndroidManifest.xml:100:13-62
activity#com.app.apsfl.activities.MakePaymentActivity
ADDED from src\main\AndroidManifest.xml:104:9-107:52
	android:screenOrientation
		ADDED from src\main\AndroidManifest.xml:107:13-49
	android:label
		ADDED from src\main\AndroidManifest.xml:106:13-65
	android:name
		ADDED from src\main\AndroidManifest.xml:105:13-59
activity#com.app.apsfl.activities.EnterpriseCustomersActivity
ADDED from src\main\AndroidManifest.xml:108:9-111:52
	android:screenOrientation
		ADDED from src\main\AndroidManifest.xml:111:13-49
	android:label
		ADDED from src\main\AndroidManifest.xml:110:13-78
	android:name
		ADDED from src\main\AndroidManifest.xml:109:13-67
activity#com.app.apsfl.activities.SelectMandalActivity
ADDED from src\main\AndroidManifest.xml:112:9-116:70
	android:screenOrientation
		ADDED from src\main\AndroidManifest.xml:115:13-49
	android:label
		ADDED from src\main\AndroidManifest.xml:114:13-65
	android:windowSoftInputMode
		ADDED from src\main\AndroidManifest.xml:116:13-67
	android:name
		ADDED from src\main\AndroidManifest.xml:113:13-60
activity#com.app.apsfl.activities.SelectVillageActivity
ADDED from src\main\AndroidManifest.xml:117:9-127:20
	android:screenOrientation
		ADDED from src\main\AndroidManifest.xml:120:13-49
	android:label
		ADDED from src\main\AndroidManifest.xml:119:13-66
	android:windowSoftInputMode
		ADDED from src\main\AndroidManifest.xml:121:13-67
	android:name
		ADDED from src\main\AndroidManifest.xml:118:13-61
activity#com.app.apsfl.activities.SelectPOPActivity
ADDED from src\main\AndroidManifest.xml:128:9-132:70
	android:screenOrientation
		ADDED from src\main\AndroidManifest.xml:131:13-49
	android:label
		ADDED from src\main\AndroidManifest.xml:130:13-62
	android:windowSoftInputMode
		ADDED from src\main\AndroidManifest.xml:132:13-67
	android:name
		ADDED from src\main\AndroidManifest.xml:129:13-57
activity#com.app.apsfl.activities.OfflineFormActivity
ADDED from src\main\AndroidManifest.xml:133:9-136:52
	android:screenOrientation
		ADDED from src\main\AndroidManifest.xml:136:13-49
	android:label
		ADDED from src\main\AndroidManifest.xml:135:13-55
	android:name
		ADDED from src\main\AndroidManifest.xml:134:13-59
activity#com.app.apsfl.activities.VOIPFeatureActivity
ADDED from src\main\AndroidManifest.xml:137:9-140:70
	android:screenOrientation
		ADDED from src\main\AndroidManifest.xml:139:13-49
	android:windowSoftInputMode
		ADDED from src\main\AndroidManifest.xml:140:13-67
	android:name
		ADDED from src\main\AndroidManifest.xml:138:13-59
activity#com.app.apsfl.activities.SelectedCPEActivity
ADDED from src\main\AndroidManifest.xml:141:9-143:52
	android:screenOrientation
		ADDED from src\main\AndroidManifest.xml:143:13-49
	android:name
		ADDED from src\main\AndroidManifest.xml:142:13-59
activity#com.app.apsfl.activities.PaymentSuccessActivity
ADDED from src\main\AndroidManifest.xml:144:9-146:52
	android:screenOrientation
		ADDED from src\main\AndroidManifest.xml:146:13-49
	android:name
		ADDED from src\main\AndroidManifest.xml:145:13-62
activity#com.app.apsfl.activities.SendOTPActivity
ADDED from src\main\AndroidManifest.xml:147:9-149:52
	android:screenOrientation
		ADDED from src\main\AndroidManifest.xml:149:13-49
	android:name
		ADDED from src\main\AndroidManifest.xml:148:13-55
activity#com.app.apsfl.activities.ChangePassword
ADDED from src\main\AndroidManifest.xml:150:9-153:52
	android:screenOrientation
		ADDED from src\main\AndroidManifest.xml:153:13-49
	android:label
		ADDED from src\main\AndroidManifest.xml:152:13-43
	android:name
		ADDED from src\main\AndroidManifest.xml:151:13-54
activity#com.app.apsfl.activities.ForgotPasswordActivity
ADDED from src\main\AndroidManifest.xml:154:9-157:52
	android:screenOrientation
		ADDED from src\main\AndroidManifest.xml:157:13-49
	android:label
		ADDED from src\main\AndroidManifest.xml:156:13-44
	android:name
		ADDED from src\main\AndroidManifest.xml:155:13-62
activity#com.app.apsfl.activities.SelectInstVillageActivity
ADDED from src\main\AndroidManifest.xml:158:9-161:52
	android:screenOrientation
		ADDED from src\main\AndroidManifest.xml:161:13-49
	android:label
		ADDED from src\main\AndroidManifest.xml:160:13-66
	android:name
		ADDED from src\main\AndroidManifest.xml:159:13-65
activity#com.app.apsfl.activities.FailedForms
ADDED from src\main\AndroidManifest.xml:162:9-165:52
	android:screenOrientation
		ADDED from src\main\AndroidManifest.xml:165:13-49
	android:label
		ADDED from src\main\AndroidManifest.xml:164:13-41
	android:name
		ADDED from src\main\AndroidManifest.xml:163:13-51
activity#com.app.apsfl.activities.SICustomerInformation
ADDED from src\main\AndroidManifest.xml:166:9-169:52
	android:screenOrientation
		ADDED from src\main\AndroidManifest.xml:169:13-49
	android:label
		ADDED from src\main\AndroidManifest.xml:168:13-49
	android:name
		ADDED from src\main\AndroidManifest.xml:167:13-61
activity#com.app.apsfl.activities.SICPEInformation
ADDED from src\main\AndroidManifest.xml:170:9-173:52
	android:screenOrientation
		ADDED from src\main\AndroidManifest.xml:173:13-49
	android:label
		ADDED from src\main\AndroidManifest.xml:172:13-43
	android:name
		ADDED from src\main\AndroidManifest.xml:171:13-56
activity#com.app.apsfl.activities.OfflineEditForms
ADDED from src\main\AndroidManifest.xml:174:9-177:52
	android:screenOrientation
		ADDED from src\main\AndroidManifest.xml:177:13-49
	android:label
		ADDED from src\main\AndroidManifest.xml:176:13-47
	android:name
		ADDED from src\main\AndroidManifest.xml:175:13-56
activity#com.app.apsfl.activities.SelectSIPOPActivity
ADDED from src\main\AndroidManifest.xml:178:9-182:70
	android:screenOrientation
		ADDED from src\main\AndroidManifest.xml:181:13-49
	android:label
		ADDED from src\main\AndroidManifest.xml:180:13-62
	android:windowSoftInputMode
		ADDED from src\main\AndroidManifest.xml:182:13-67
	android:name
		ADDED from src\main\AndroidManifest.xml:179:13-59
activity#com.app.apsfl.activities.SIPendingFormActivity
ADDED from src\main\AndroidManifest.xml:183:9-186:52
	android:screenOrientation
		ADDED from src\main\AndroidManifest.xml:186:13-49
	android:label
		ADDED from src\main\AndroidManifest.xml:185:13-42
	android:name
		ADDED from src\main\AndroidManifest.xml:184:13-61
activity#com.app.apsfl.activities.EkycActivity
ADDED from src\main\AndroidManifest.xml:187:9-195:20
	android:screenOrientation
		ADDED from src\main\AndroidManifest.xml:189:13-49
	android:name
		ADDED from src\main\AndroidManifest.xml:188:13-52
activity#com.app.apsfl.activities.PonChangeActivity
ADDED from src\main\AndroidManifest.xml:196:9-66
	android:name
		ADDED from src\main\AndroidManifest.xml:196:19-63
activity#com.app.apsfl.activities.ChangeOltDetailsActivity
ADDED from src\main\AndroidManifest.xml:197:9-73
	android:name
		ADDED from src\main\AndroidManifest.xml:197:19-70
activity#com.app.apsfl.activities.WelcomeActivity
ADDED from src\main\AndroidManifest.xml:198:9-200:20
	android:name
		ADDED from src\main\AndroidManifest.xml:198:19-61
uses-sdk
INJECTED from src\main\AndroidManifest.xml reason: use-sdk injection requested
MERGED from [io.realm:realm-android-library:2.0.1] AndroidManifest.xml:5:5-7:41
MERGED from [com.getkeepsafe.relinker:relinker:1.2.2] AndroidManifest.xml:7:5-43
MERGED from [com.android.support.constraint:constraint-layout:1.0.2] AndroidManifest.xml:5:5-7:41
MERGED from [com.android.support:appcompat-v7:23.4.0] AndroidManifest.xml:21:5-23:78
MERGED from [com.android.support:animated-vector-drawable:23.4.0] AndroidManifest.xml:5:5-44
MERGED from [com.android.support:support-vector-drawable:23.4.0] AndroidManifest.xml:5:5-43
MERGED from [com.android.support:recyclerview-v7:23.4.0] AndroidManifest.xml:20:5-43
MERGED from [com.android.support:support-v4:23.4.0] AndroidManifest.xml:20:5-43
MERGED from [com.android.volley:volley:1.0.0] AndroidManifest.xml:7:5-43
	tools:overrideLibrary
		ADDED from [com.android.support:appcompat-v7:23.4.0] AndroidManifest.xml:23:9-75
	android:targetSdkVersion
		INJECTED from src\main\AndroidManifest.xml
		INJECTED from src\main\AndroidManifest.xml
	android:minSdkVersion
		INJECTED from src\main\AndroidManifest.xml
		INJECTED from src\main\AndroidManifest.xml